T6674 000:001.075   SEGGER J-Link V8.58 Log File
T6674 000:001.213   DLL Compiled: Aug  6 2025 12:29:52
T6674 000:001.221   Logging started @ 2025-10-07 00:35
T6674 000:001.229   Process: C:\Users\bitstream\.eclipse\com.renesas.platform_2071132055\DebugComp\RA\e2-server-gdb.exe
T6674 000:001.240 - 1.235ms 
T6674 000:001.255 JLINK_GetDLLVersion()
T6674 000:001.271 - 0.016ms returns 85800
T6674 000:120.010 JLINK_OpenEx(...)
T6674 000:139.777   Firmware: J-Link OB-RA4M2-Full compiled Jul  8 2025 10:16:11
T6674 000:140.413   Firmware: J-Link OB-RA4M2-Full compiled Jul  8 2025 10:16:11
T6674 000:166.136   Hardware: V1.00
T6674 000:166.162   S/N: 1120010000
T6674 000:166.174   OEM: SEGGER
T6674 000:166.186   Feature(s): GDB, FlashDL, FlashBP, JFlash, RDI
T6674 000:166.826   Bootloader: 2021 May 14
T6674 000:167.276   USB speed mode: Full speed (12 MBit/s)
T6674 000:167.741   TELNET listener socket opened on port 19021
T6674 000:168.776   WEBSRV WEBSRV_Init(): Starting webserver thread(s)
T6674 000:169.342   WEBSRV Webserver running on local port 19080
T6674 000:169.987   Looking for J-Link GUI Server exe at: C:\Users\bitstream\.eclipse\com.renesas.platform_2071132055\DebugComp\RA\ARM\Segger_v8.58.0\JLinkGUIServer.exe
T6674 000:170.946   Looking for J-Link GUI Server exe at: C:\Program Files\SEGGER\JLink\JLinkGUIServer.exe
T6674 000:171.342   Forking J-Link GUI Server: C:\Program Files\SEGGER\JLink\JLinkGUIServer.exe
T6674 000:524.346   Failed to connect to J-Link GUI Server.
T6674 000:524.381 - 404.366ms returns "O.K."
T6674 000:524.477 JLINK_ExecCommand("ProjectFile=E:\e2_studio\workspace\power_guix/power_guix Debug_Flat.jlink", ...). 
T6674 000:599.710 - 75.234ms returns 0x00
T6674 000:600.353 JLINK_ExecCommand("device=R7FA4M2AD", ...). 
T6674 000:602.040   Flash bank @ 0x0100A100: SFL: Parsing sectorization info from ELF file
T6674 000:602.056     FlashDevice.SectorInfo[0]: .SectorSize = 0x00000010, .SectorStartAddr = 0x00000000
T6674 000:602.067   FlashBank @0x0100A100: Sectorization info from SFL ELF file ignored because sectorization override from DLL / XML file is active.
T6674 000:602.412   Flash bank @ 0x60000000: SFL: Parsing sectorization info from ELF file
T6674 000:602.426     FlashDevice.SectorInfo[0]: .SectorSize = 0x00010000, .SectorStartAddr = 0x00000000
T6674 000:608.967   Device "R7FA4M2AD" selected.
T6674 000:609.481 - 9.111ms returns 0x00
T6674 000:609.504 JLINK_TIF_GetAvailable(...)
T6674 000:609.715 - 0.211ms 
T6674 000:609.731 JLINK_TIF_Select(JLINKARM_TIF_SWD)
T6674 000:610.211 - 0.482ms returns 0x00
T6674 000:610.227 JLINK_SetSpeed(4000)
T6674 000:610.303 - 0.079ms 
T6674 000:610.324 JLINK_ReadMem(0xE000EDF0, 0x4 Bytes, ...)
T6674 000:610.481   ConfigTargetSettings() start
T6674 000:610.494    J-Link Script File: Executing ConfigTargetSettings()
T6674 000:610.508   Configuring FlashDLNoRMWThreshold=0x200 in order to make sure that option bytes programming is done via read-modify-write
T6674 000:702.834   ConfigTargetSettings() end - Took 92.3ms
T6674 000:702.856   InitTarget() start
T6674 000:702.866    J-Link Script File: Executing InitTarget()
T6674 000:702.876   SWD selected. Executing JTAG -> SWD switching sequence.
T6674 000:704.674   DAP initialized successfully.
T6674 000:704.688   Determining TrustZone configuration...
T6674 000:705.563     Secure Debug: Enabled (SSD)
T6674 000:705.577   Determining currently configured transfer type by reading the AHB-AP CSW register.
T6674 000:706.187     --> Correct transfer type configured. Done.
T6674 000:706.201   InitTarget() end - Took 3.33ms
T6674 000:706.714   Found SW-DP with ID 0x6BA02477
T6674 000:708.710   DPIDR: 0x6BA02477
T6674 000:708.727   CoreSight SoC-400 or earlier
T6674 000:708.737   Scanning AP map to find all available APs
T6674 000:709.569   AP[2]: Stopped AP scan as end of AP map has been reached
T6674 000:709.585   AP[0]: AHB-AP (IDR: 0x84770001, ADDR: 0x00000000)
T6674 000:709.595   AP[1]: APB-AP (IDR: 0x54770002, ADDR: 0x01000000)
T6674 000:709.605   Iterating through AP map to find AHB-AP to use
T6674 000:710.431   AP[0]: Core found
T6674 000:710.444   AP[0]: AHB-AP ROM base: 0xE00FE000
T6674 000:710.851   CPUID register: 0x410FD214. Implementer code: 0x41 (ARM)
T6674 000:710.863   Feature set: Mainline
T6674 000:711.249   Cache: No cache
T6674 000:711.265   Found Cortex-M33 r0p4, Little endian.
T6674 000:711.613   -- Max. mem block: 0x0001D930
T6674 000:712.119   CPU_ReadMem(4 bytes @ 0xE000EDF0)
T6674 000:712.640   CPU_WriteMem(4 bytes @ 0xE000EDF0)
T6674 000:713.035   CPU_ReadMem(4 bytes @ 0xE0002000)
T6674 000:713.336   FPUnit: 8 code (BP) slots and 0 literal slots
T6674 000:713.351   CPU_ReadMem(4 bytes @ 0xE000EDFC)
T6674 000:713.649   CPU_WriteMem(4 bytes @ 0xE000EDFC)
T6674 000:713.936   CPU_ReadMem(4 bytes @ 0xE0001000)
T6674 000:714.217   CPU_ReadMem(4 bytes @ 0xE0001000)
T6674 000:714.591   CPU_ReadMem(4 bytes @ 0xE0001028)
T6674 000:715.008   CPU_ReadMem(4 bytes @ 0xE0001038)
T6674 000:715.401   CPU_ReadMem(4 bytes @ 0xE0001048)
T6674 000:715.753   CPU_ReadMem(4 bytes @ 0xE0001058)
T6674 000:716.053   CPU_WriteMem(4 bytes @ 0xE0001000)
T6674 000:716.336   CPU_ReadMem(4 bytes @ 0xE000ED88)
T6674 000:716.618   CPU_WriteMem(4 bytes @ 0xE000ED88)
T6674 000:716.961   CPU_ReadMem(4 bytes @ 0xE000ED88)
T6674 000:717.284   CPU_WriteMem(4 bytes @ 0xE000ED88)
T6674 000:717.591   CPU_ReadMem(4 bytes @ 0xE000EFB8)
T6674 000:717.896   Security extension: implemented
T6674 000:717.926   Secure debug: enabled
T6674 000:717.939   CoreSight components:
T6674 000:717.951   ROMTbl[0] @ E00FE000
T6674 000:717.964   CPU_ReadMem(64 bytes @ 0xE00FE000)
T6674 000:718.731   CPU_ReadMem(32 bytes @ 0xE0044FE0)
T6674 000:719.257   CPU_ReadMem(4 bytes @ 0xE0044FBC)
T6674 000:719.596   CPU_ReadMem(4 bytes @ 0xE0044FCC)
T6674 000:719.995   [0][0]: E0044000 CID B105900D PID 005BB906 DEVARCH 00000000 DEVTYPE 14 CTI (?)
T6674 000:720.015   CPU_ReadMem(32 bytes @ 0xE0047FE0)
T6674 000:720.572   CPU_ReadMem(4 bytes @ 0xE0047FBC)
T6674 000:720.964   CPU_ReadMem(4 bytes @ 0xE0047FCC)
T6674 000:721.313   [0][1]: E0047000 CID B105900D PID 003BB908 DEVARCH 00000000 DEVTYPE 12 CSTF
T6674 000:721.347   CPU_ReadMem(32 bytes @ 0xE0048FE0)
T6674 000:721.833   CPU_ReadMem(4 bytes @ 0xE0048FBC)
T6674 000:722.146   CPU_ReadMem(4 bytes @ 0xE0048FCC)
T6674 000:722.457   [0][2]: E0048000 CID B105900D PID 001BB961 DEVARCH 00000000 DEVTYPE 21 TMC
T6674 000:722.482   CPU_ReadMem(32 bytes @ 0xE0049FE0)
T6674 000:722.942   [0][3]: E0049000 CID B105F00D PID 001BB101 TSG
T6674 000:722.973   CPU_ReadMem(32 bytes @ 0xE0040FE0)
T6674 000:723.427   CPU_ReadMem(4 bytes @ 0xE0040FBC)
T6674 000:723.754   CPU_ReadMem(4 bytes @ 0xE0040FCC)
T6674 000:724.132   [0][4]: E0040000 CID B105900D PID 000BBD21 DEVARCH 00000000 DEVTYPE 11 TPIU
T6674 000:724.153   CPU_ReadMem(32 bytes @ 0xE00FFFE0)
T6674 000:724.699   [0][5]: E00FF000 CID B105100D PID 000BB4C9 ROM Table
T6674 000:724.719   ROMTbl[1] @ E00FF000
T6674 000:724.736   CPU_ReadMem(64 bytes @ 0xE00FF000)
T6674 000:725.427   CPU_ReadMem(32 bytes @ 0xE000EFE0)
T6674 000:725.933   CPU_ReadMem(4 bytes @ 0xE000EFBC)
T6674 000:726.287   CPU_ReadMem(4 bytes @ 0xE000EFCC)
T6674 000:726.649   [1][0]: E000E000 CID B105900D PID 000BBD21 DEVARCH 47702A04 DEVTYPE 00 Cortex-M33
T6674 000:726.671   CPU_ReadMem(32 bytes @ 0xE0001FE0)
T6674 000:727.165   CPU_ReadMem(4 bytes @ 0xE0001FBC)
T6674 000:727.569   CPU_ReadMem(4 bytes @ 0xE0001FCC)
T6674 000:727.893   [1][1]: E0001000 CID B105900D PID 000BBD21 DEVARCH 47701A02 DEVTYPE 00 DWT
T6674 000:727.908   CPU_ReadMem(32 bytes @ 0xE0002FE0)
T6674 000:728.364   CPU_ReadMem(4 bytes @ 0xE0002FBC)
T6674 000:728.688   CPU_ReadMem(4 bytes @ 0xE0002FCC)
T6674 000:729.022   [1][2]: E0002000 CID B105900D PID 000BBD21 DEVARCH 47701A03 DEVTYPE 00 FPB
T6674 000:729.054   CPU_ReadMem(32 bytes @ 0xE0000FE0)
T6674 000:729.609   CPU_ReadMem(4 bytes @ 0xE0000FBC)
T6674 000:730.027   CPU_ReadMem(4 bytes @ 0xE0000FCC)
T6674 000:730.365   [1][3]: E0000000 CID B105900D PID 000BBD21 DEVARCH 47701A01 DEVTYPE 43 ITM
T6674 000:730.391   CPU_ReadMem(32 bytes @ 0xE0041FE0)
T6674 000:730.909   CPU_ReadMem(4 bytes @ 0xE0041FBC)
T6674 000:731.274   CPU_ReadMem(4 bytes @ 0xE0041FCC)
T6674 000:731.569   [1][5]: E0041000 CID B105900D PID 002BBD21 DEVARCH 47724A13 DEVTYPE 13 ETM
T6674 000:731.587   CPU_ReadMem(32 bytes @ 0xE0042FE0)
T6674 000:732.067   CPU_ReadMem(4 bytes @ 0xE0042FBC)
T6674 000:732.449   CPU_ReadMem(4 bytes @ 0xE0042FCC)
T6674 000:732.770   [1][6]: E0042000 CID B105900D PID 000BBD21 DEVARCH 47701A14 DEVTYPE 14 CSS600-CTI
T6674 000:732.896   CPU_ReadMem(4 bytes @ 0xE000EDF0)
T6674 000:733.224   Data:  01 00 10 01
T6674 000:733.258   Debug reg: DHCSR
T6674 000:733.275 - 122.950ms returns 0
T6674 000:733.344 JLINK_ReadMem(0x400E002C, 0x4 Bytes, ...)
T6674 000:733.365   CPU_ReadMem(4 bytes @ 0x400E002C)
T6674 000:733.645   Data:  02 00 00 00
T6674 000:733.665 - 0.322ms returns 0
T6674 000:733.710 JLINK_ReadMem(0xE000EDF0, 0x4 Bytes, ...)
T6674 000:733.727   CPU_ReadMem(4 bytes @ 0xE000EDF0)
T6674 000:734.011   Data:  01 00 10 01
T6674 000:734.031   Debug reg: DHCSR
T6674 000:734.042 - 0.332ms returns 0
T6674 000:734.102 JLINK_ReadMem(0xE000EDF0, 0x4 Bytes, ...)
T6674 000:734.118   CPU_ReadMem(4 bytes @ 0xE000EDF0)
T6674 000:734.457   Data:  01 00 10 01
T6674 000:734.498   Debug reg: DHCSR
T6674 000:734.524 - 0.421ms returns 0
T6674 000:734.550 JLINK_ReadMem(0x400E001C, 0x4 Bytes, ...)
T6674 000:734.579   CPU_ReadMem(4 bytes @ 0x400E001C)
T6674 000:734.897   Data:  00 FC FF 00
T6674 000:734.927 - 0.377ms returns 0
T6674 000:734.961 JLINK_ReadMem(0xE000EDF0, 0x4 Bytes, ...)
T6674 000:734.985   CPU_ReadMem(4 bytes @ 0xE000EDF0)
T6674 000:735.279   Data:  01 00 10 01
T6674 000:735.309   Debug reg: DHCSR
T6674 000:735.333 - 0.372ms returns 0
T6674 000:735.357 JLINK_ReadMem(0x400E0018, 0x4 Bytes, ...)
T6674 000:735.380   CPU_ReadMem(4 bytes @ 0x400E0018)
T6674 000:735.681   Data:  00 80 FF 00
T6674 000:735.710 - 0.354ms returns 0
T6674 000:735.739 JLINK_ReadMem(0xE000EDF0, 0x4 Bytes, ...)
T6674 000:735.762   CPU_ReadMem(4 bytes @ 0xE000EDF0)
T6674 000:736.050   Data:  01 00 10 01
T6674 000:736.078   Debug reg: DHCSR
T6674 000:736.102 - 0.363ms returns 0
T6674 000:736.125 JLINK_ReadMem(0x400E0020, 0x4 Bytes, ...)
T6674 000:736.147   CPU_ReadMem(4 bytes @ 0x400E0020)
T6674 000:736.452   Data:  00 FC 00 00
T6674 000:736.498 - 0.372ms returns 0
T6674 000:736.535 JLINK_ReadMem(0xE000EDF0, 0x4 Bytes, ...)
T6674 000:736.565   CPU_ReadMem(4 bytes @ 0xE000EDF0)
T6674 000:736.904   Data:  01 00 10 01
T6674 000:736.947   Debug reg: DHCSR
T6674 000:736.971 - 0.436ms returns 0
T6674 000:736.998 JLINK_ReadMem(0x400E0028, 0x4 Bytes, ...)
T6674 000:737.027   CPU_ReadMem(4 bytes @ 0x400E0028)
T6674 000:737.360   Data:  00 FC 1F 00
T6674 000:737.394 - 0.396ms returns 0
T6674 000:737.429 JLINK_ReadMem(0xE000EDF0, 0x4 Bytes, ...)
T6674 000:737.455   CPU_ReadMem(4 bytes @ 0xE000EDF0)
T6674 000:737.798   Data:  01 00 10 01
T6674 000:737.831   Debug reg: DHCSR
T6674 000:737.856 - 0.428ms returns 0
T6674 000:737.880 JLINK_ReadMem(0x400E0024, 0x4 Bytes, ...)
T6674 000:737.905   CPU_ReadMem(4 bytes @ 0x400E0024)
T6674 000:738.253   Data:  00 E0 1F 00
T6674 000:738.294 - 0.413ms returns 0
T6674 000:738.330 JLINK_ReadMem(0xE000EDF0, 0x4 Bytes, ...)
T6674 000:738.358   CPU_ReadMem(4 bytes @ 0xE000EDF0)
T6674 000:738.658   Data:  01 00 10 01
T6674 000:738.687   Debug reg: DHCSR
T6674 000:738.711 - 0.381ms returns 0
T6674 000:738.734 JLINK_ReadMem(0x400E002C, 0x4 Bytes, ...)
T6674 000:738.757   CPU_ReadMem(4 bytes @ 0x400E002C)
T6674 000:739.078   Data:  02 00 00 00
T6674 000:739.106 - 0.372ms returns 0
T6674 000:739.134 JLINK_ReadMem(0xE000EDF0, 0x4 Bytes, ...)
T6674 000:739.162   CPU_ReadMem(4 bytes @ 0xE000EDF0)
T6674 000:739.454   Data:  01 00 10 01
T6674 000:739.483   Debug reg: DHCSR
T6674 000:739.507 - 0.373ms returns 0
T6674 000:739.529 JLINK_ReadMem(0x400E002C, 0x4 Bytes, ...)
T6674 000:739.551   CPU_ReadMem(4 bytes @ 0x400E002C)
T6674 000:739.843   Data:  02 00 00 00
T6674 000:739.872 - 0.343ms returns 0
T6674 000:743.817 JLINK_Close()
T6674 000:761.398 - 17.580ms
T6674 000:761.427   
T6674 000:761.435   Closed
